<?xml version="1.0" encoding="UTF-8"?>
<!-- Generated by org.testng.reporters.JUnitReportReporter -->
<testsuite hostname="PU-NB-RSHA2" failures="0" tests="4" name="com.pin.automation.NavigateToCampaignMenuTabs" time="134.745" errors="0" timestamp="2025-07-01T10:53:08 IST" skipped="0">
  <testcase classname="com.pin.automation.NavigateToCampaignMenuTabs" name="navigateToListScheduleTab" time="15.034"/>
  <testcase classname="com.pin.automation.NavigateToCampaignMenuTabs" name="navigateTo_ListAA" time="17.370"/>
  <testcase classname="com.pin.automation.NavigateToCampaignMenuTabs" name="NavigationToListCampaignAllTabs" time="67.889"/>
  <testcase classname="com.pin.automation.NavigateToCampaignMenuTabs" name="navigateTo_ListMO" time="34.452"/>
</testsuite> <!-- com.pin.automation.NavigateToCampaignMenuTabs -->
