<?xml version="1.0" encoding="UTF-8"?>
<!-- Generated by org.testng.reporters.JUnitReportReporter -->
<testsuite hostname="PU-NB-RSHA2" failures="0" tests="1" name="com.pinsystem.TestClass" time="0.045" errors="0" timestamp="2024-11-11T11:07:57 IST" skipped="0">
  <testcase classname="com.pinsystem.TestClass" name="SampleRunner" time="0.045"/>
</testsuite> <!-- com.pinsystem.TestClass -->
