<?xml version="1.0" encoding="UTF-8"?>
<!-- Generated by org.testng.reporters.JUnitReportReporter -->
<testsuite hostname="PU-NB-RSHA2" failures="0" tests="1" name="com.pinsystem.Create_invoice" time="135.385" errors="0" timestamp="2024-11-05T15:06:57 IST" skipped="0">
  <testcase classname="com.pinsystem.Create_invoice" name="digital_invoice" time="135.385"/>
</testsuite> <!-- com.pinsystem.Create_invoice -->
