<?xml version="1.0" encoding="UTF-8"?>
<!-- Generated by org.testng.reporters.JUnitReportReporter -->
<testsuite hostname="PU-NB-RSHA2" failures="0" tests="3" name="com.pin.automation.LoginTestCase" time="22.238" errors="0" timestamp="2025-05-27T14:47:01 IST" skipped="0">
  <testcase classname="com.pin.automation.LoginTestCase" name="verify_login_without_username_and_Password" time="6.704"/>
  <testcase classname="com.pin.automation.LoginTestCase" name="verify_login_with_invalid_credentials" time="5.557"/>
  <testcase classname="com.pin.automation.LoginTestCase" name="verify_login_with_valid_credentials" time="9.977"/>
</testsuite> <!-- com.pin.automation.LoginTestCase -->
