<?xml version="1.0" encoding="UTF-8"?>
<!-- Generated by org.testng.reporters.JUnitReportReporter -->
<testsuite hostname="PU-NB-RSHA2" failures="0" tests="2" name="com.pin.automation.Create_invoiceAndCreditNote_testCase" time="13.687" errors="0" timestamp="2025-07-14T10:02:16 IST" skipped="0">
  <testcase classname="com.pin.automation.Create_invoiceAndCreditNote_testCase" name="createInvoice" time="10.263"/>
  <testcase classname="com.pin.automation.Create_invoiceAndCreditNote_testCase" name="CreditNote" time="3.424"/>
</testsuite> <!-- com.pin.automation.Create_invoiceAndCreditNote_testCase -->
