<?xml version="1.0" encoding="UTF-8"?>
<!-- Generated by org.testng.reporters.JUnitReportReporter -->
<testsuite hostname="PU-NB-RSHA2" failures="0" tests="4" name="com.pinsystem.NavigateToCampaignMenuTabs" time="48.458" errors="0" timestamp="2024-11-05T14:03:20 IST" skipped="0">
  <testcase classname="com.pinsystem.NavigateToCampaignMenuTabs" name="navigateToListAA" time="3.320"/>
  <testcase classname="com.pinsystem.NavigateToCampaignMenuTabs" name="navigateToListScheduleTab" time="3.460"/>
  <testcase classname="com.pinsystem.NavigateToCampaignMenuTabs" name="navigateToListMO" time="2.392"/>
  <testcase classname="com.pinsystem.NavigateToCampaignMenuTabs" name="NavigationToListCampaignAllTabs" time="39.286"/>
</testsuite> <!-- com.pinsystem.NavigateToCampaignMenuTabs -->
