<?xml version="1.0" encoding="UTF-8"?>
<!-- Generated by org.testng.reporters.JUnitReportReporter -->
<testsuite hostname="PU-NB-RSHA2" failures="0" tests="1" name="com.pin.automation.TestClass" time="0.044" errors="0" timestamp="2025-07-15T10:54:32 IST" skipped="0">
  <testcase classname="com.pin.automation.TestClass" name="SampleRunner" time="0.044"/>
</testsuite> <!-- com.pin.automation.TestClass -->
