<?xml version="1.0" encoding="UTF-8"?>
<!-- Generated by org.testng.reporters.JUnitReportReporter -->
<testsuite hostname="PU-NB-RSHA2" failures="0" tests="4" name="com.pin.automation.OldJob_testCase" time="134.435" errors="0" timestamp="2025-07-11T16:13:04 IST" skipped="0">
  <testcase classname="com.pin.automation.OldJob_testCase" name="creatingCostEstimate" time="5.050"/>
  <testcase classname="com.pin.automation.OldJob_testCase" name="editEstimate" time="18.789"/>
  <testcase classname="com.pin.automation.OldJob_testCase" name="old_job" time="101.410"/>
  <testcase classname="com.pin.automation.OldJob_testCase" name="wipInvoice" time="9.186"/>
</testsuite> <!-- com.pin.automation.OldJob_testCase -->
