<?xml version="1.0" encoding="UTF-8"?>
<!-- Generated by org.testng.reporters.JUnitReportReporter -->
<testsuite hostname="PU-NB-RSHA2" failures="0" tests="5" name="com.pin.automation.Digital_Campaign_scheduleTestCase" time="401.847" errors="0" timestamp="2025-08-29T11:12:18 IST" skipped="0">
  <testcase classname="com.pin.automation.Digital_Campaign_scheduleTestCase" name="clientInvoiceRemark" time="2.827"/>
  <testcase classname="com.pin.automation.Digital_Campaign_scheduleTestCase" name="viewMOpage" time="5.529"/>
  <testcase classname="com.pin.automation.Digital_Campaign_scheduleTestCase" name="Digital_Schedule" time="218.028"/>
  <testcase classname="com.pin.automation.Digital_Campaign_scheduleTestCase" name="view_line_by_line" time="67.998"/>
  <testcase classname="com.pin.automation.Digital_Campaign_scheduleTestCase" name="digital_campaign" time="107.465"/>
</testsuite> <!-- com.pin.automation.Digital_Campaign_scheduleTestCase -->
