<?xml version="1.0" encoding="UTF-8"?>
<!-- Generated by org.testng.reporters.JUnitReportReporter -->
<testsuite hostname="PU-NB-RSHA2" failures="0" tests="4" name="com.pinsystem.NavigateToCampaignMenuTabs" time="43.430" errors="0" timestamp="2024-11-07T13:20:58 IST" skipped="0">
  <testcase classname="com.pinsystem.NavigateToCampaignMenuTabs" name="navigateTo_ListMO" time="1.843"/>
  <testcase classname="com.pinsystem.NavigateToCampaignMenuTabs" name="navigateToListScheduleTab" time="2.473"/>
  <testcase classname="com.pinsystem.NavigateToCampaignMenuTabs" name="NavigationToListCampaignAllTabs" time="35.662"/>
  <testcase classname="com.pinsystem.NavigateToCampaignMenuTabs" name="navigateTo_ListAA" time="3.452"/>
</testsuite> <!-- com.pinsystem.NavigateToCampaignMenuTabs -->
