<?xml version="1.0" encoding="UTF-8"?>
<!-- Generated by org.testng.reporters.JUnitReportReporter -->
<testsuite hostname="PU-NB-RSHA2" failures="0" tests="4" name="com.pinsystem.Digital_Campaign_scheduleTestCase" time="433.041" errors="0" timestamp="2024-11-13T16:34:13 IST" skipped="0">
  <testcase classname="com.pinsystem.Digital_Campaign_scheduleTestCase" name="view_line_by_line" time="118.401"/>
  <testcase classname="com.pinsystem.Digital_Campaign_scheduleTestCase" name="digital_campaign" time="88.576"/>
  <testcase classname="com.pinsystem.Digital_Campaign_scheduleTestCase" name="Digital_Schedule" time="223.182"/>
  <testcase classname="com.pinsystem.Digital_Campaign_scheduleTestCase" name="viewMOpage" time="2.882"/>
</testsuite> <!-- com.pinsystem.Digital_Campaign_scheduleTestCase -->
