<?xml version="1.0" encoding="UTF-8"?>
<!-- Generated by org.testng.reporters.JUnitReportReporter -->
<testsuite hostname="PU-NB-RSHA2" failures="0" tests="2" name="com.pinsystem.Digital_Campaign_schedule" time="391.909" errors="0" timestamp="2024-11-07T15:40:59 IST" skipped="0">
  <testcase classname="com.pinsystem.Digital_Campaign_schedule" name="new_Schedule" time="260.560"/>
  <testcase classname="com.pinsystem.Digital_Campaign_schedule" name="digital_campaign" time="131.349"/>
</testsuite> <!-- com.pinsystem.Digital_Campaign_schedule -->
