<?xml version="1.0" encoding="UTF-8"?>
<!-- Generated by org.testng.reporters.JUnitReportReporter -->
<testsuite hostname="PU-NB-RSHA2" failures="0" tests="1" name="com.pinsystem.ForTesting2" time="41.350" errors="0" timestamp="2024-08-07T16:35:21 IST" skipped="0">
  <testcase classname="com.pinsystem.ForTesting2" name="forTesting" time="41.350"/>
</testsuite> <!-- com.pinsystem.ForTesting2 -->
