<?xml version="1.0" encoding="UTF-8"?>
<!-- Generated by org.testng.reporters.JUnitReportReporter -->
<testsuite hostname="PU-NB-RSHA2" failures="0" tests="2" name="com.pin.automation.ClientPOAndBillingRequest" time="117.375" errors="0" timestamp="2025-08-07T13:07:05 IST" skipped="0">
  <testcase classname="com.pin.automation.ClientPOAndBillingRequest" name="billingRequest" time="42.711"/>
  <testcase classname="com.pin.automation.ClientPOAndBillingRequest" name="clientPO" time="74.664"/>
</testsuite> <!-- com.pin.automation.ClientPOAndBillingRequest -->
