<?xml version="1.0" encoding="UTF-8"?>
<!-- Generated by org.testng.reporters.JUnitReportReporter -->
<testsuite hostname="PU-NB-RSHA2" failures="0" tests="2" name="com.pin.automation.Create_invoiceAndCreditNote_testCase" time="290.935" errors="0" timestamp="2025-04-09T16:40:47 IST" skipped="0">
  <testcase classname="com.pin.automation.Create_invoiceAndCreditNote_testCase" name="createInvoice" time="149.358"/>
  <testcase classname="com.pin.automation.Create_invoiceAndCreditNote_testCase" name="CreditNote" time="141.577"/>
</testsuite> <!-- com.pin.automation.Create_invoiceAndCreditNote_testCase -->
