<?xml version="1.0" encoding="UTF-8"?>
<!-- Generated by org.testng.reporters.JUnitReportReporter -->
<testsuite hostname="PU-NB-RSHA2" failures="0" tests="2" name="com.pin.automation.MixmediaScheduleTestCase" time="716.025" errors="0" timestamp="2025-08-29T11:12:18 IST" skipped="0">
  <testcase classname="com.pin.automation.MixmediaScheduleTestCase" name="new_Campaign" time="144.583"/>
  <testcase classname="com.pin.automation.MixmediaScheduleTestCase" name="new_Schedule" time="571.442"/>
</testsuite> <!-- com.pin.automation.MixmediaScheduleTestCase -->
