<?xml version="1.0" encoding="UTF-8"?>
<!-- Generated by org.testng.reporters.JUnitReportReporter -->
<testsuite hostname="PU-NB-RSHA2" failures="0" tests="3" name="com.pinsystem.NavigateToCampaignMenuTabs" time="64.452" errors="0" timestamp="2024-03-01T16:19:29 IST" skipped="0">
  <testcase classname="com.pinsystem.NavigateToCampaignMenuTabs" name="navigateToListMO" time="2.666"/>
  <system-out/>
  <testcase classname="com.pinsystem.NavigateToCampaignMenuTabs" name="navigateToListScheduleTab" time="2.378"/>
  <system-out/>
  <testcase classname="com.pinsystem.NavigateToCampaignMenuTabs" name="NavigationToListCampaignAllTabs" time="59.408"/>
  <system-out/>
</testsuite> <!-- com.pinsystem.NavigateToCampaignMenuTabs -->
