<?xml version="1.0" encoding="UTF-8"?>
<!-- Generated by org.testng.reporters.JUnitReportReporter -->
<testsuite hostname="PU-NB-RSHA2" failures="0" tests="3" name="com.pinsystem.LoginTestCase" time="12.208" errors="0" timestamp="2024-04-09T18:08:53 IST" skipped="0">
  <testcase classname="com.pinsystem.LoginTestCase" name="verify_login_page_withInValid_creds" time="3.914"/>
  <system-out/>
  <testcase classname="com.pinsystem.LoginTestCase" name="verify_login_page_withValid_creds" time="4.590"/>
  <system-out/>
  <testcase classname="com.pinsystem.LoginTestCase" name="verify_login_page_withOut_username" time="3.704"/>
  <system-out/>
</testsuite> <!-- com.pinsystem.LoginTestCase -->
