<?xml version="1.0" encoding="UTF-8"?>
<!-- Generated by org.testng.reporters.JUnitReportReporter -->
<testsuite hostname="PU-NB-RSHA2" failures="0" tests="5" name="com.pin.automation.Digital_Campaign_scheduleTestCase" time="370.405" errors="0" timestamp="2025-06-06T16:38:11 IST" skipped="0">
  <testcase classname="com.pin.automation.Digital_Campaign_scheduleTestCase" name="Digital_Schedule" time="216.081"/>
  <testcase classname="com.pin.automation.Digital_Campaign_scheduleTestCase" name="digital_campaign" time="97.731"/>
  <testcase classname="com.pin.automation.Digital_Campaign_scheduleTestCase" name="view_line_by_line" time="50.751"/>
  <testcase classname="com.pin.automation.Digital_Campaign_scheduleTestCase" name="clientInvoiceRemark" time="1.706"/>
  <testcase classname="com.pin.automation.Digital_Campaign_scheduleTestCase" name="viewMOpage" time="4.136"/>
</testsuite> <!-- com.pin.automation.Digital_Campaign_scheduleTestCase -->
