<?xml version="1.0" encoding="UTF-8"?>
<!-- Generated by org.testng.reporters.JUnitReportReporter -->
<testsuite hostname="PU-NB-RSHA2" failures="0" tests="3" name="com.pinsystem.LoginTestCase" time="12.888" errors="0" timestamp="2024-11-07T13:20:58 IST" skipped="0">
  <testcase classname="com.pinsystem.LoginTestCase" name="verify_login_page_withInValid_creds" time="4.042"/>
  <testcase classname="com.pinsystem.LoginTestCase" name="verify_login_page_withValid_creds" time="5.013"/>
  <testcase classname="com.pinsystem.LoginTestCase" name="verify_login_page_withOut_username" time="3.833"/>
</testsuite> <!-- com.pinsystem.LoginTestCase -->
