<?xml version="1.0" encoding="UTF-8"?>
<!-- Generated by org.testng.reporters.JUnitReportReporter -->
<testsuite hostname="PU-NB-RSHA2" failures="0" tests="3" name="com.pinsystem.NavigateToCampaignMenuTabs" time="63.175" errors="0" timestamp="2024-03-01T17:56:36 IST" skipped="0">
  <testcase classname="com.pinsystem.NavigateToCampaignMenuTabs" name="navigateToListScheduleTab" time="2.597"/>
  <system-out/>
  <testcase classname="com.pinsystem.NavigateToCampaignMenuTabs" name="NavigationToListCampaignAllTabs" time="58.545"/>
  <system-out/>
  <testcase classname="com.pinsystem.NavigateToCampaignMenuTabs" name="navigateToListMO" time="2.033"/>
  <system-out/>
</testsuite> <!-- com.pinsystem.NavigateToCampaignMenuTabs -->
