<?xml version="1.0" encoding="UTF-8"?>
<!-- Generated by org.testng.reporters.JUnitReportReporter -->
<testsuite hostname="PU-NB-RSHA2" failures="0" tests="2" name="com.pinsystem.Create_invoiceAndCreditNote" time="223.007" errors="0" timestamp="2024-11-07T15:40:59 IST" skipped="0">
  <testcase classname="com.pinsystem.Create_invoiceAndCreditNote" name="CreditNote" time="100.533"/>
  <testcase classname="com.pinsystem.Create_invoiceAndCreditNote" name="digital_invoice" time="122.474"/>
</testsuite> <!-- com.pinsystem.Create_invoiceAndCreditNote -->
