<?xml version="1.0" encoding="UTF-8"?>
<!-- Generated by org.testng.reporters.JUnitReportReporter -->
<testsuite hostname="PU-NB-RSHA2" failures="0" tests="4" name="com.pinsystem.Digital_Campaign_scheduleTestCase" time="427.251" errors="0" timestamp="2024-12-11T18:39:24 IST" skipped="0">
  <testcase classname="com.pinsystem.Digital_Campaign_scheduleTestCase" name="view_line_by_line" time="76.866"/>
  <testcase classname="com.pinsystem.Digital_Campaign_scheduleTestCase" name="viewMOpage" time="3.699"/>
  <testcase classname="com.pinsystem.Digital_Campaign_scheduleTestCase" name="digital_campaign" time="110.890"/>
  <testcase classname="com.pinsystem.Digital_Campaign_scheduleTestCase" name="Digital_Schedule" time="235.796"/>
</testsuite> <!-- com.pinsystem.Digital_Campaign_scheduleTestCase -->
