<?xml version="1.0" encoding="UTF-8"?>
<!-- Generated by org.testng.reporters.JUnitReportReporter -->
<testsuite hostname="PU-NB-RSHA2" failures="0" tests="2" name="com.pinsystem.LoginTestCase" time="7.511" errors="0" timestamp="2024-11-12T14:30:06 IST" skipped="0">
  <testcase classname="com.pinsystem.LoginTestCase" name="verify_login_page_withOut_username" time="4.631"/>
  <testcase classname="com.pinsystem.LoginTestCase" name="verify_login_page_withInValid_creds" time="2.880"/>
</testsuite> <!-- com.pinsystem.LoginTestCase -->
