<?xml version="1.0" encoding="UTF-8"?>
<!-- Generated by org.testng.reporters.JUnitReportReporter -->
<testsuite hostname="PU-NB-RSHA2" failures="0" tests="4" name="com.pinsystem.NavigateToCampaignMenuTabs" time="114.371" errors="0" timestamp="2024-04-09T16:45:07 IST" skipped="0">
  <testcase classname="com.pinsystem.NavigateToCampaignMenuTabs" name="navigateToListScheduleTab" time="2.839"/>
  <system-out/>
  <testcase classname="com.pinsystem.NavigateToCampaignMenuTabs" name="navigateToListMO" time="2.497"/>
  <system-out/>
  <testcase classname="com.pinsystem.NavigateToCampaignMenuTabs" name="navigateToListAA" time="0.528"/>
  <system-out/>
  <testcase classname="com.pinsystem.NavigateToCampaignMenuTabs" name="NavigationToListCampaignAllTabs" time="108.507"/>
  <system-out/>
</testsuite> <!-- com.pinsystem.NavigateToCampaignMenuTabs -->
