<?xml version="1.0" encoding="UTF-8"?>
<!-- Generated by org.testng.reporters.JUnitReportReporter -->
<testsuite hostname="PU-NB-RSHA2" failures="0" tests="2" name="com.pin.automation.Mix_mediaSchedule" time="772.592" errors="0" timestamp="2025-07-15T10:45:25 IST" skipped="0">
  <testcase classname="com.pin.automation.Mix_mediaSchedule" name="new_Schedule" time="631.415"/>
  <testcase classname="com.pin.automation.Mix_mediaSchedule" name="new_Campaign" time="141.177"/>
</testsuite> <!-- com.pin.automation.Mix_mediaSchedule -->
