<?xml version="1.0" encoding="UTF-8"?>
<!-- Generated by org.testng.reporters.JUnitReportReporter -->
<testsuite hostname="PU-NB-RSHA2" failures="0" tests="1" name="com.pinsystem.ForTesting" time="73.230" errors="0" timestamp="2024-08-20T18:14:56 IST" skipped="0">
  <testcase classname="com.pinsystem.ForTesting" name="ForTest" time="73.230"/>
</testsuite> <!-- com.pinsystem.ForTesting -->
