<?xml version="1.0" encoding="UTF-8"?>
<!-- Generated by org.testng.reporters.JUnitReportReporter -->
<testsuite hostname="PU-NB-RSHA2" failures="0" tests="3" name="com.pinsystem.LoginTestCase" time="10.851" errors="0" timestamp="2024-11-13T16:34:13 IST" skipped="0">
  <testcase classname="com.pinsystem.LoginTestCase" name="verify_login_page_withValid_creds" time="3.636"/>
  <testcase classname="com.pinsystem.LoginTestCase" name="verify_login_page_withInValid_creds" time="3.297"/>
  <testcase classname="com.pinsystem.LoginTestCase" name="verify_login_page_withOut_username" time="3.918"/>
</testsuite> <!-- com.pinsystem.LoginTestCase -->
