<?xml version="1.0" encoding="UTF-8"?>
<!-- Generated by org.testng.reporters.JUnitReportReporter -->
<testsuite hostname="PU-NB-RSHA2" failures="0" tests="2" name="com.pin.automation.Mix_mediaSchedule" time="711.923" errors="0" timestamp="2025-07-01T10:53:08 IST" skipped="0">
  <testcase classname="com.pin.automation.Mix_mediaSchedule" name="new_Schedule" time="558.139"/>
  <testcase classname="com.pin.automation.Mix_mediaSchedule" name="new_Campaign" time="153.784"/>
</testsuite> <!-- com.pin.automation.Mix_mediaSchedule -->
