<?xml version="1.0" encoding="UTF-8"?>
<!-- Generated by org.testng.reporters.JUnitReportReporter -->
<testsuite hostname="PU-NB-RSHA2" failures="0" tests="3" name="com.pinsystem.TestLogin" time="20.979" errors="0" timestamp="2024-02-26T15:25:11 IST" skipped="0">
  <testcase classname="com.pinsystem.TestLogin" name="verify_login_page_withInValid_creds" time="6.205"/>
  <system-out/>
  <testcase classname="com.pinsystem.TestLogin" name="verify_login_page_withOut_username" time="3.991"/>
  <system-out/>
  <testcase classname="com.pinsystem.TestLogin" name="verify_login_page_withValid_creds" time="10.783"/>
  <system-out/>
</testsuite> <!-- com.pinsystem.TestLogin -->
