<?xml version="1.0" encoding="UTF-8"?>
<!-- Generated by org.testng.reporters.JUnitReportReporter -->
<testsuite hostname="PU-NB-RSHA2" failures="0" tests="1" name="com.pinsystem.TestClass" time="42.320" errors="0" timestamp="2024-02-29T16:12:29 IST" skipped="0">
  <testcase classname="com.pinsystem.TestClass" name="SampleRunner" time="42.320"/>
  <system-out/>
</testsuite> <!-- com.pinsystem.TestClass -->
