<?xml version="1.0" encoding="UTF-8"?>
<!-- Generated by org.testng.reporters.JUnitReportReporter -->
<testsuite hostname="PU-NB-RSHA2" failures="0" tests="1" name="com.pinsystem.SearchRecords" time="118.564" errors="0" timestamp="2024-03-01T16:19:29 IST" skipped="0">
  <testcase classname="com.pinsystem.SearchRecords" name="searchSchedule" time="118.564"/>
  <system-out/>
</testsuite> <!-- com.pinsystem.SearchRecords -->
