<?xml version="1.0" encoding="UTF-8"?>
<!-- Generated by org.testng.reporters.JUnitReportReporter -->
<testsuite hostname="PU-NB-RSHA2" failures="0" tests="2" name="com.pinsystem.Create_invoiceAndCreditNote" time="209.770" errors="0" timestamp="2024-11-06T19:03:20 IST" skipped="0">
  <testcase classname="com.pinsystem.Create_invoiceAndCreditNote" name="digital_invoice" time="120.497"/>
  <testcase classname="com.pinsystem.Create_invoiceAndCreditNote" name="CreditNote" time="89.273"/>
</testsuite> <!-- com.pinsystem.Create_invoiceAndCreditNote -->
