<?xml version="1.0" encoding="UTF-8"?>
<!-- Generated by org.testng.reporters.JUnitReportReporter -->
<testsuite hostname="PU-NB-RSHA2" failures="0" tests="3" name="com.pinsystem.LoginTestCase" time="17.334" errors="0" timestamp="2024-02-27T18:22:47 IST" skipped="0">
  <testcase classname="com.pinsystem.LoginTestCase" name="verify_login_page_withInValid_creds" time="6.068"/>
  <system-out/>
  <testcase classname="com.pinsystem.LoginTestCase" name="verify_login_page_withValid_creds" time="5.468"/>
  <system-out/>
  <testcase classname="com.pinsystem.LoginTestCase" name="verify_login_page_withOut_username" time="5.798"/>
  <system-out/>
</testsuite> <!-- com.pinsystem.LoginTestCase -->
