<?xml version="1.0" encoding="UTF-8"?>
<!-- Generated by org.testng.reporters.JUnitReportReporter -->
<testsuite hostname="PU-NB-RSHA2" failures="0" tests="3" name="com.pin.automation.LoginTestCase" time="18.407" errors="0" timestamp="2025-07-01T10:53:08 IST" skipped="0">
  <testcase classname="com.pin.automation.LoginTestCase" name="verify_login_without_username_and_Password" time="5.449"/>
  <testcase classname="com.pin.automation.LoginTestCase" name="verify_login_with_invalid_credentials" time="4.032"/>
  <testcase classname="com.pin.automation.LoginTestCase" name="verify_login_with_valid_credentials" time="8.926"/>
</testsuite> <!-- com.pin.automation.LoginTestCase -->
