<?xml version="1.0" encoding="UTF-8"?>
<!-- Generated by org.testng.reporters.JUnitReportReporter -->
<testsuite hostname="PU-NB-RSHA2" failures="0" tests="2" name="com.pinsystem.Create_invoiceAndCreditNote" time="199.960" errors="0" timestamp="2024-11-06T19:41:51 IST" skipped="0">
  <testcase classname="com.pinsystem.Create_invoiceAndCreditNote" name="CreditNote" time="88.026"/>
  <testcase classname="com.pinsystem.Create_invoiceAndCreditNote" name="digital_invoice" time="111.934"/>
</testsuite> <!-- com.pinsystem.Create_invoiceAndCreditNote -->
