<?xml version="1.0" encoding="UTF-8"?>
<!-- Generated by org.testng.reporters.JUnitReportReporter -->
<testsuite hostname="PU-NB-RSHA2" failures="0" tests="2" name="com.pin.automation.MixmediaScheduleTestCase" time="762.505" errors="0" timestamp="2025-08-28T11:51:48 IST" skipped="0">
  <testcase classname="com.pin.automation.MixmediaScheduleTestCase" name="new_Campaign" time="141.535"/>
  <testcase classname="com.pin.automation.MixmediaScheduleTestCase" name="new_Schedule" time="620.970"/>
</testsuite> <!-- com.pin.automation.MixmediaScheduleTestCase -->
