<?xml version="1.0" encoding="UTF-8"?>
<!-- Generated by org.testng.reporters.JUnitReportReporter -->
<testsuite hostname="PU-NB-RSHA2" failures="0" tests="1" name="com.pinsystem.ForTesting2" time="12.057" errors="0" timestamp="2024-12-11T15:20:00 IST" skipped="0">
  <testcase classname="com.pinsystem.ForTesting2" name="digital_invoice" time="12.057"/>
</testsuite> <!-- com.pinsystem.ForTesting2 -->
