<?xml version="1.0" encoding="UTF-8"?>
<!-- Generated by org.testng.reporters.JUnitReportReporter -->
<testsuite hostname="PU-NB-RSHA2" failures="0" tests="2" name="com.pinsystem.NavigateToCampaignMenuTabs" time="45.794" errors="0" timestamp="2024-02-29T18:22:17 IST" skipped="0">
  <testcase classname="com.pinsystem.NavigateToCampaignMenuTabs" name="NavigationToListCampaignAllTabs" time="42.099"/>
  <system-out/>
  <testcase classname="com.pinsystem.NavigateToCampaignMenuTabs" name="navigateToListScheduleTab" time="3.695"/>
  <system-out/>
</testsuite> <!-- com.pinsystem.NavigateToCampaignMenuTabs -->
