<?xml version="1.0" encoding="UTF-8"?>
<!-- Generated by org.testng.reporters.JUnitReportReporter -->
<testsuite hostname="PU-NB-RSHA2" failures="0" tests="5" name="com.pin.automation.Digital_Campaign_scheduleTestCase" time="415.897" errors="0" timestamp="2025-08-28T11:32:18 IST" skipped="0">
  <testcase classname="com.pin.automation.Digital_Campaign_scheduleTestCase" name="Digital_Schedule" time="228.700"/>
  <testcase classname="com.pin.automation.Digital_Campaign_scheduleTestCase" name="view_line_by_line" time="55.149"/>
  <testcase classname="com.pin.automation.Digital_Campaign_scheduleTestCase" name="clientInvoiceRemark" time="2.780"/>
  <testcase classname="com.pin.automation.Digital_Campaign_scheduleTestCase" name="digital_campaign" time="120.246"/>
  <testcase classname="com.pin.automation.Digital_Campaign_scheduleTestCase" name="viewMOpage" time="9.022"/>
</testsuite> <!-- com.pin.automation.Digital_Campaign_scheduleTestCase -->
