<?xml version="1.0" encoding="UTF-8"?>
<!-- Generated by org.testng.reporters.JUnitReportReporter -->
<testsuite hostname="PU-NB-RSHA2" failures="0" tests="2" name="com.pinsystem.New_Campaign" time="567.902" errors="0" timestamp="2024-12-10T11:46:49 IST" skipped="0">
  <testcase classname="com.pinsystem.New_Campaign" name="new_Schedule" time="440.253"/>
  <testcase classname="com.pinsystem.New_Campaign" name="new_Campaign" time="127.649"/>
</testsuite> <!-- com.pinsystem.New_Campaign -->
