<?xml version="1.0" encoding="UTF-8"?>
<!-- Generated by org.testng.reporters.JUnitReportReporter -->
<testsuite hostname="PU-NB-RSHA2" failures="0" tests="4" name="com.pinsystem.NavigateToCampaignMenuTabs" time="41.555" errors="0" timestamp="2024-11-04T16:34:10 IST" skipped="0">
  <testcase classname="com.pinsystem.NavigateToCampaignMenuTabs" name="NavigationToListCampaignAllTabs" time="35.090"/>
  <testcase classname="com.pinsystem.NavigateToCampaignMenuTabs" name="navigateToListMO" time="1.712"/>
  <testcase classname="com.pinsystem.NavigateToCampaignMenuTabs" name="navigateToListAA" time="2.613"/>
  <testcase classname="com.pinsystem.NavigateToCampaignMenuTabs" name="navigateToListScheduleTab" time="2.140"/>
</testsuite> <!-- com.pinsystem.NavigateToCampaignMenuTabs -->
