<?xml version="1.0" encoding="UTF-8"?>
<!-- Generated by org.testng.reporters.JUnitReportReporter -->
<testsuite hostname="PU-NB-RSHA2" failures="0" tests="1" name="com.pin.automation.Digital_Campaign_scheduleTestCase" time="115.085" errors="0" timestamp="2025-07-09T17:34:01 IST" skipped="0">
  <testcase classname="com.pin.automation.Digital_Campaign_scheduleTestCase" name="digital_campaign" time="115.085"/>
</testsuite> <!-- com.pin.automation.Digital_Campaign_scheduleTestCase -->
