<?xml version="1.0" encoding="UTF-8"?>
<!-- Generated by org.testng.reporters.JUnitReportReporter -->
<testsuite hostname="PU-NB-RSHA2" failures="0" tests="1" name="com.pinsystem.Menu" time="27.339" errors="0" timestamp="2024-02-27T14:44:23 IST" skipped="0">
  <testcase classname="com.pinsystem.Menu" name="listBuyingCampaign" time="27.339"/>
  <system-out/>
</testsuite> <!-- com.pinsystem.Menu -->
