<?xml version="1.0" encoding="UTF-8"?>
<!-- Generated by org.testng.reporters.JUnitReportReporter -->
<testsuite hostname="PU-NB-RSHA2" failures="0" tests="3" name="com.pinsystem.LoginTestCase" time="26.594" errors="0" timestamp="2024-12-11T18:39:24 IST" skipped="0">
  <testcase classname="com.pinsystem.LoginTestCase" name="verify_login_page_withInValid_creds" time="9.646"/>
  <testcase classname="com.pinsystem.LoginTestCase" name="verify_login_page_withOut_username" time="9.341"/>
  <testcase classname="com.pinsystem.LoginTestCase" name="verify_login_page_withValid_creds" time="7.607"/>
</testsuite> <!-- com.pinsystem.LoginTestCase -->
