<?xml version="1.0" encoding="UTF-8"?>
<!-- Generated by org.testng.reporters.JUnitReportReporter -->
<testsuite hostname="PU-NB-RSHA2" failures="0" tests="3" name="com.pinsystem.LoginTestCase" time="14.634" errors="0" timestamp="2024-03-01T16:19:29 IST" skipped="0">
  <testcase classname="com.pinsystem.LoginTestCase" name="verify_login_page_withValid_creds" time="6.345"/>
  <system-out/>
  <testcase classname="com.pinsystem.LoginTestCase" name="verify_login_page_withOut_username" time="5.303"/>
  <system-out/>
  <testcase classname="com.pinsystem.LoginTestCase" name="verify_login_page_withInValid_creds" time="2.986"/>
  <system-out/>
</testsuite> <!-- com.pinsystem.LoginTestCase -->
