<?xml version="1.0" encoding="UTF-8"?>
<!-- Generated by org.testng.reporters.JUnitReportReporter -->
<testsuite hostname="PU-NB-RSHA2" failures="0" tests="1" name="com.pinsystem.ForTesting2" time="15.298" errors="0" timestamp="2024-11-11T15:53:04 IST" skipped="0">
  <testcase classname="com.pinsystem.ForTesting2" name="digital_invoice" time="15.298"/>
</testsuite> <!-- com.pinsystem.ForTesting2 -->
