<?xml version="1.0" encoding="UTF-8"?>
<!-- Generated by org.testng.reporters.JUnitReportReporter -->
<testsuite hostname="PU-NB-RSHA2" failures="0" tests="2" name="com.pin.automation.NewJob_testCase" time="118.724" errors="0" timestamp="2025-07-10T15:55:43 IST" skipped="0">
  <testcase classname="com.pin.automation.NewJob_testCase" name="productionInvoice" time="22.699"/>
  <testcase classname="com.pin.automation.NewJob_testCase" name="new_Job" time="96.025"/>
</testsuite> <!-- com.pin.automation.NewJob_testCase -->
