<?xml version="1.0" encoding="UTF-8"?>
<!-- Generated by org.testng.reporters.JUnitReportReporter -->
<testsuite hostname="PU-NB-RSHA2" failures="0" tests="2" name="com.pinsystem.Create_invoiceAndCreditNote" time="347.879" errors="0" timestamp="2024-11-11T11:36:51 IST" skipped="0">
  <testcase classname="com.pinsystem.Create_invoiceAndCreditNote" name="CreditNote" time="140.389"/>
  <testcase classname="com.pinsystem.Create_invoiceAndCreditNote" name="createInvoice" time="207.490"/>
</testsuite> <!-- com.pinsystem.Create_invoiceAndCreditNote -->
