<?xml version="1.0" encoding="UTF-8"?>
<!-- Generated by org.testng.reporters.JUnitReportReporter -->
<testsuite hostname="PU-NB-RSHA2" failures="0" tests="2" name="com.pinsystem.New_Campaign" time="116.830" errors="0" timestamp="2024-04-10T12:31:37 IST" skipped="0">
  <testcase classname="com.pinsystem.New_Campaign" name="new_Schedule" time="10.996"/>
  <system-out/>
  <testcase classname="com.pinsystem.New_Campaign" name="new_Campaign" time="105.834"/>
  <system-out/>
</testsuite> <!-- com.pinsystem.New_Campaign -->
