<?xml version="1.0" encoding="UTF-8"?>
<!-- Generated by org.testng.reporters.JUnitReportReporter -->
<testsuite hostname="PU-NB-RSHA2" failures="0" tests="2" name="com.pinsystem.Digital_Campaign_schedule" time="339.283" errors="0" timestamp="2024-11-06T15:05:26 IST" skipped="0">
  <testcase classname="com.pinsystem.Digital_Campaign_schedule" name="new_Schedule" time="246.706"/>
  <testcase classname="com.pinsystem.Digital_Campaign_schedule" name="digital_campaign" time="92.577"/>
</testsuite> <!-- com.pinsystem.Digital_Campaign_schedule -->
