<?xml version="1.0" encoding="UTF-8"?>
<!-- Generated by org.testng.reporters.JUnitReportReporter -->
<testsuite hostname="PU-NB-RSHA2" failures="0" tests="2" name="com.pin.automation.Mix_mediaSchedule" time="274.513" errors="1" timestamp="2025-04-09T18:14:23 IST" skipped="0">
  <testcase classname="com.pin.automation.Mix_mediaSchedule" name="new_Campaign" time="108.961"/>
  <testcase classname="com.pin.automation.Mix_mediaSchedule" name="new_Schedule" time="165.552">
    <error message="element click intercepted: Element &lt;iframe id=&quot;popShowAddedLayout_CIF-1&quot; scrolling=&quot;auto&quot; frameborder=&quot;0&quot; src=&quot;MediaScheduleLayout.aspx?mode=2&amp;amp;Id=S6CBAm3ssPAl7Ul1d1===Y6zoEE:::IrBwR5ltDhiqqB2Kc=&amp;amp;bid=eDO0izlStC8=&amp;amp;ClientID=37768&amp;amp;MediaCat=C,M,N,O,OT,R,TV&amp;amp;OtherId=5212,5473,6786,3491,3813&quot; style=&quot;width: 100%; height: 253px; overflow: auto; backface-visibility: hidden; vertical-align: text-bottom;&quot; cd_frame_id_=&quot;44078584f11e7e06e3a2997c1c41784f&quot;&gt;&lt;/iframe&gt; is not clickable at point (670, 316). Other element would receive the click: &lt;iframe id=&quot;popEditMediaSchedule_CIF-1&quot; scrolling=&quot;auto&quot; frameborder=&quot;0&quot; src=&quot;EditMediaSchedule.aspx?Id=S6CBAm3ssPAl7Ul1d1===Y6zoEE:::IrBwR5ltDhiqqB2Kc=&amp;amp;bid=eDO0izlStC8=&amp;amp;history=3===CNlgJ8OM4=&amp;amp;Period=01/01/2025 - 31/03/2025&amp;amp;Mode=op&amp;amp;DecimalDigits=2&quot; style=&quot;width: 100%; height: 548px; overflow: auto; backface-visibility: hidden; vertical-align: text-bottom;&quot;&gt;&lt;/iframe&gt;
  (Session info: chrome=135.0.7049.42)
Build info: version: &#039;4.18.1&#039;, revision: &#039;b1d3319b48&#039;
System info: os.name: &#039;Windows 10&#039;, os.arch: &#039;amd64&#039;, os.version: &#039;10.0&#039;, java.version: &#039;21.0.3&#039;
Driver info: org.openqa.selenium.chrome.ChromeDriver
Command: [0b7477cda975c75454c3d08e6400379f, clickElement {id=f.A7C06878E7A8FDCB9D33DD67D6BE3026.d.B76BAF828DE17FEDB50B42B06403473A.e.718}]
Capabilities {acceptInsecureCerts: false, browserName: chrome, browserVersion: 135.0.7049.42, chrome: {chromedriverVersion: 135.0.7049.84 (6c019e560019..., userDataDir: C:\Users\rasharma\AppData\L...}, fedcm:accounts: true, goog:chromeOptions: {debuggerAddress: localhost:54902}, networkConnectionEnabled: false, pageLoadStrategy: normal, platformName: windows, proxy: Proxy(), se:cdp: ws://localhost:54902/devtoo..., se:cdpVersion: 135.0.7049.42, setWindowRect: true, strictFileInteractability: false, timeouts: {implicit: 0, pageLoad: 300000, script: 30000}, unhandledPromptBehavior: dismiss and notify, webauthn:extension:credBlob: true, webauthn:extension:largeBlob: true, webauthn:extension:minPinLength: true, webauthn:extension:prf: true, webauthn:virtualAuthenticators: true}
Element: [[ChromeDriver: chrome on windows (0b7477cda975c75454c3d08e6400379f)] -&gt; xpath: //td[normalize-space()=&#039;Mix Media Type&#039;]]
Session ID: 0b7477cda975c75454c3d08e6400379f" type="org.openqa.selenium.ElementClickInterceptedException">
      <![CDATA[org.openqa.selenium.ElementClickInterceptedException: element click intercepted: Element <iframe id="popShowAddedLayout_CIF-1" scrolling="auto" frameborder="0" src="MediaScheduleLayout.aspx?mode=2&amp;Id=S6CBAm3ssPAl7Ul1d1===Y6zoEE:::IrBwR5ltDhiqqB2Kc=&amp;bid=eDO0izlStC8=&amp;ClientID=37768&amp;MediaCat=C,M,N,O,OT,R,TV&amp;OtherId=5212,5473,6786,3491,3813" style="width: 100%; height: 253px; overflow: auto; backface-visibility: hidden; vertical-align: text-bottom;" cd_frame_id_="44078584f11e7e06e3a2997c1c41784f"></iframe> is not clickable at point (670, 316). Other element would receive the click: <iframe id="popEditMediaSchedule_CIF-1" scrolling="auto" frameborder="0" src="EditMediaSchedule.aspx?Id=S6CBAm3ssPAl7Ul1d1===Y6zoEE:::IrBwR5ltDhiqqB2Kc=&amp;bid=eDO0izlStC8=&amp;history=3===CNlgJ8OM4=&amp;Period=01/01/2025 - 31/03/2025&amp;Mode=op&amp;DecimalDigits=2" style="width: 100%; height: 548px; overflow: auto; backface-visibility: hidden; vertical-align: text-bottom;"></iframe>
  (Session info: chrome=135.0.7049.42)
Build info: version: '4.18.1', revision: 'b1d3319b48'
System info: os.name: 'Windows 10', os.arch: 'amd64', os.version: '10.0', java.version: '21.0.3'
Driver info: org.openqa.selenium.chrome.ChromeDriver
Command: [0b7477cda975c75454c3d08e6400379f, clickElement {id=f.A7C06878E7A8FDCB9D33DD67D6BE3026.d.B76BAF828DE17FEDB50B42B06403473A.e.718}]
Capabilities {acceptInsecureCerts: false, browserName: chrome, browserVersion: 135.0.7049.42, chrome: {chromedriverVersion: 135.0.7049.84 (6c019e560019..., userDataDir: C:\Users\rasharma\AppData\L...}, fedcm:accounts: true, goog:chromeOptions: {debuggerAddress: localhost:54902}, networkConnectionEnabled: false, pageLoadStrategy: normal, platformName: windows, proxy: Proxy(), se:cdp: ws://localhost:54902/devtoo..., se:cdpVersion: 135.0.7049.42, setWindowRect: true, strictFileInteractability: false, timeouts: {implicit: 0, pageLoad: 300000, script: 30000}, unhandledPromptBehavior: dismiss and notify, webauthn:extension:credBlob: true, webauthn:extension:largeBlob: true, webauthn:extension:minPinLength: true, webauthn:extension:prf: true, webauthn:virtualAuthenticators: true}
Element: [[ChromeDriver: chrome on windows (0b7477cda975c75454c3d08e6400379f)] -> xpath: //td[normalize-space()='Mix Media Type']]
Session ID: 0b7477cda975c75454c3d08e6400379f
at java.base/jdk.internal.reflect.DirectConstructorHandleAccessor.newInstance(DirectConstructorHandleAccessor.java:62)
at java.base/java.lang.reflect.Constructor.newInstanceWithCaller(Constructor.java:502)
at java.base/java.lang.reflect.Constructor.newInstance(Constructor.java:486)
at org.openqa.selenium.remote.ErrorCodec.decode(ErrorCodec.java:167)
at org.openqa.selenium.remote.codec.w3c.W3CHttpResponseCodec.decode(W3CHttpResponseCodec.java:138)
at org.openqa.selenium.remote.codec.w3c.W3CHttpResponseCodec.decode(W3CHttpResponseCodec.java:50)
at org.openqa.selenium.remote.HttpCommandExecutor.execute(HttpCommandExecutor.java:190)
at org.openqa.selenium.remote.service.DriverCommandExecutor.invokeExecute(DriverCommandExecutor.java:216)
at org.openqa.selenium.remote.service.DriverCommandExecutor.execute(DriverCommandExecutor.java:174)
at org.openqa.selenium.remote.RemoteWebDriver.execute(RemoteWebDriver.java:519)
at org.openqa.selenium.remote.RemoteWebElement.execute(RemoteWebElement.java:223)
at org.openqa.selenium.remote.RemoteWebElement.click(RemoteWebElement.java:76)
at com.pin.automation.pageObjects.MenuObjects.select_media_layout(MenuObjects.java:654)
at com.pin.automation.Mix_mediaSchedule.new_Schedule(Mix_mediaSchedule.java:57)
at java.base/jdk.internal.reflect.DirectMethodHandleAccessor.invoke(DirectMethodHandleAccessor.java:103)
at java.base/java.lang.reflect.Method.invoke(Method.java:580)
at org.testng.internal.invokers.MethodInvocationHelper.invokeMethod(MethodInvocationHelper.java:141)
at org.testng.internal.invokers.TestInvoker.invokeMethod(TestInvoker.java:686)
at org.testng.internal.invokers.TestInvoker.invokeTestMethod(TestInvoker.java:230)
at org.testng.internal.invokers.MethodRunner.runInSequence(MethodRunner.java:63)
at org.testng.internal.invokers.TestInvoker$MethodInvocationAgent.invoke(TestInvoker.java:992)
at org.testng.internal.invokers.TestInvoker.invokeTestMethods(TestInvoker.java:203)
at org.testng.internal.invokers.TestMethodWorker.invokeTestMethods(TestMethodWorker.java:154)
at org.testng.internal.invokers.TestMethodWorker.run(TestMethodWorker.java:134)
at java.base/java.util.ArrayList.forEach(ArrayList.java:1596)
at org.testng.TestRunner.privateRun(TestRunner.java:739)
at org.testng.TestRunner.run(TestRunner.java:614)
at org.testng.SuiteRunner.runTest(SuiteRunner.java:421)
at org.testng.SuiteRunner.runSequentially(SuiteRunner.java:413)
at org.testng.SuiteRunner.privateRun(SuiteRunner.java:373)
at org.testng.SuiteRunner.run(SuiteRunner.java:312)
at org.testng.SuiteRunnerWorker.runSuite(SuiteRunnerWorker.java:52)
at org.testng.SuiteRunnerWorker.run(SuiteRunnerWorker.java:95)
at org.testng.TestNG.runSuitesSequentially(TestNG.java:1274)
at org.testng.TestNG.runSuitesLocally(TestNG.java:1208)
at org.testng.TestNG.runSuites(TestNG.java:1112)
at org.testng.TestNG.run(TestNG.java:1079)
at org.testng.remote.AbstractRemoteTestNG.run(AbstractRemoteTestNG.java:115)
at org.testng.remote.RemoteTestNG.initAndRun(RemoteTestNG.java:293)
at org.testng.remote.RemoteTestNG.main(RemoteTestNG.java:91)
]]>
    </error>
  </testcase> <!-- new_Schedule -->
</testsuite> <!-- com.pin.automation.Mix_mediaSchedule -->
