<?xml version="1.0" encoding="UTF-8"?>
<!-- Generated by org.testng.reporters.JUnitReportReporter -->
<testsuite hostname="PU-NB-RSHA2" failures="0" tests="3" name="com.pinsystem.LoginTestCase" time="14.626" errors="0" timestamp="2024-04-10T13:07:49 IST" skipped="0">
  <testcase classname="com.pinsystem.LoginTestCase" name="verify_login_page_withInValid_creds" time="3.773"/>
  <system-out/>
  <testcase classname="com.pinsystem.LoginTestCase" name="verify_login_page_withOut_username" time="4.173"/>
  <system-out/>
  <testcase classname="com.pinsystem.LoginTestCase" name="verify_login_page_withValid_creds" time="6.680"/>
  <system-out/>
</testsuite> <!-- com.pinsystem.LoginTestCase -->
