<?xml version="1.0" encoding="UTF-8"?>
<!-- Generated by org.testng.reporters.JUnitReportReporter -->
<testsuite hostname="PU-NB-RSHA2" failures="0" tests="1" name="com.pinsystem.New_Campaign" time="194.336" errors="0" timestamp="2024-04-09T16:45:07 IST" skipped="0">
  <testcase classname="com.pinsystem.New_Campaign" name="new_Campaign" time="194.336"/>
  <system-out/>
</testsuite> <!-- com.pinsystem.New_Campaign -->
