<?xml version="1.0" encoding="UTF-8"?>
<!-- Generated by org.testng.reporters.JUnitReportReporter -->
<testsuite hostname="PU-NB-RSHA2" failures="0" tests="2" name="com.pinsystem.Create_invoiceAndCreditNote_testCase" time="310.133" errors="0" timestamp="2024-11-13T16:34:13 IST" skipped="0">
  <testcase classname="com.pinsystem.Create_invoiceAndCreditNote_testCase" name="createInvoice" time="182.559"/>
  <testcase classname="com.pinsystem.Create_invoiceAndCreditNote_testCase" name="CreditNote" time="127.574"/>
</testsuite> <!-- com.pinsystem.Create_invoiceAndCreditNote_testCase -->
