<?xml version="1.0" encoding="UTF-8"?>
<!-- Generated by org.testng.reporters.JUnitReportReporter -->
<testsuite hostname="PU-NB-RSHA2" failures="0" tests="4" name="com.pin.automation.Digital_Campaign_scheduleTestCase" time="749.762" errors="0" timestamp="2025-04-09T16:40:47 IST" skipped="0">
  <testcase classname="com.pin.automation.Digital_Campaign_scheduleTestCase" name="Digital_Schedule" time="245.446"/>
  <testcase classname="com.pin.automation.Digital_Campaign_scheduleTestCase" name="view_line_by_line" time="407.784"/>
  <testcase classname="com.pin.automation.Digital_Campaign_scheduleTestCase" name="digital_campaign" time="71.404"/>
  <testcase classname="com.pin.automation.Digital_Campaign_scheduleTestCase" name="viewMOpage" time="25.128"/>
</testsuite> <!-- com.pin.automation.Digital_Campaign_scheduleTestCase -->
