<?xml version="1.0" encoding="UTF-8"?>
<!-- Generated by org.testng.reporters.JUnitReportReporter -->
<testsuite hostname="PU-NB-RSHA2" failures="0" tests="2" name="com.pinsystem.Mix_mediaSchedule" time="977.370" errors="0" timestamp="2024-12-11T18:39:24 IST" skipped="0">
  <testcase classname="com.pinsystem.Mix_mediaSchedule" name="new_Campaign" time="242.474"/>
  <testcase classname="com.pinsystem.Mix_mediaSchedule" name="new_Schedule" time="734.896"/>
</testsuite> <!-- com.pinsystem.Mix_mediaSchedule -->
