<?xml version="1.0" encoding="UTF-8"?>
<!-- Generated by org.testng.reporters.JUnitReportReporter -->
<testsuite hostname="PU-NB-RSHA2" failures="0" tests="3" name="com.pinsystem.LoginTestCase" time="12.037" errors="0" timestamp="2024-11-04T16:34:10 IST" skipped="0">
  <testcase classname="com.pinsystem.LoginTestCase" name="verify_login_page_withOut_username" time="3.916"/>
  <testcase classname="com.pinsystem.LoginTestCase" name="verify_login_page_withInValid_creds" time="2.600"/>
  <testcase classname="com.pinsystem.LoginTestCase" name="verify_login_page_withValid_creds" time="5.521"/>
</testsuite> <!-- com.pinsystem.LoginTestCase -->
