<?xml version="1.0" encoding="UTF-8"?>
<!-- Generated by org.testng.reporters.JUnitReportReporter -->
<testsuite hostname="PU-NB-RSHA2" failures="0" tests="4" name="com.pinsystem.Digital_Campaign_scheduleTestCase" time="432.148" errors="0" timestamp="2024-11-12T16:38:37 IST" skipped="0">
  <testcase classname="com.pinsystem.Digital_Campaign_scheduleTestCase" name="view_line_by_line" time="119.014"/>
  <testcase classname="com.pinsystem.Digital_Campaign_scheduleTestCase" name="viewMOpage" time="2.788"/>
  <testcase classname="com.pinsystem.Digital_Campaign_scheduleTestCase" name="Digital_Schedule" time="213.975"/>
  <testcase classname="com.pinsystem.Digital_Campaign_scheduleTestCase" name="digital_campaign" time="96.371"/>
</testsuite> <!-- com.pinsystem.Digital_Campaign_scheduleTestCase -->
