<?xml version="1.0" encoding="UTF-8"?>
<!-- Generated by org.testng.reporters.JUnitReportReporter -->
<testsuite hostname="PU-NB-RSHA2" failures="0" tests="1" name="com.pin.automation.ForTesting2" time="8.358" errors="0" timestamp="2025-05-22T15:19:54 IST" skipped="0">
  <testcase classname="com.pin.automation.ForTesting2" name="digital_invoice" time="8.358"/>
</testsuite> <!-- com.pin.automation.ForTesting2 -->
