<?xml version="1.0" encoding="UTF-8"?>
<!-- Generated by org.testng.reporters.JUnitReportReporter -->
<testsuite hostname="PU-NB-RSHA2" failures="0" tests="4" name="com.pinsystem.NavigateToCampaignMenuTabs" time="56.599" errors="0" timestamp="2024-11-13T16:44:30 IST" skipped="0">
  <testcase classname="com.pinsystem.NavigateToCampaignMenuTabs" name="navigateTo_ListAA" time="3.436"/>
  <testcase classname="com.pinsystem.NavigateToCampaignMenuTabs" name="navigateToListScheduleTab" time="13.424"/>
  <testcase classname="com.pinsystem.NavigateToCampaignMenuTabs" name="navigateTo_ListMO" time="3.952"/>
  <testcase classname="com.pinsystem.NavigateToCampaignMenuTabs" name="NavigationToListCampaignAllTabs" time="35.787"/>
</testsuite> <!-- com.pinsystem.NavigateToCampaignMenuTabs -->
