<?xml version="1.0" encoding="UTF-8"?>
<!-- Generated by org.testng.reporters.JUnitReportReporter -->
<testsuite hostname="PU-NB-RSHA2" failures="0" tests="2" name="com.pinsystem.Digital_Campaign_schedule" time="410.718" errors="0" timestamp="2024-11-05T13:14:12 IST" skipped="0">
  <testcase classname="com.pinsystem.Digital_Campaign_schedule" name="digital_campaign" time="143.499"/>
  <testcase classname="com.pinsystem.Digital_Campaign_schedule" name="new_Schedule" time="267.219"/>
</testsuite> <!-- com.pinsystem.Digital_Campaign_schedule -->
