<?xml version="1.0" encoding="UTF-8"?>
<!-- Generated by org.testng.reporters.JUnitReportReporter -->
<testsuite hostname="PU-NB-RSHA2" failures="0" tests="4" name="com.pinsystem.NavigateToCampaignMenuTabs" time="114.615" errors="0" timestamp="2024-04-09T18:08:53 IST" skipped="0">
  <testcase classname="com.pinsystem.NavigateToCampaignMenuTabs" name="navigateToListMO" time="2.233"/>
  <system-out/>
  <testcase classname="com.pinsystem.NavigateToCampaignMenuTabs" name="navigateToListScheduleTab" time="2.959"/>
  <system-out/>
  <testcase classname="com.pinsystem.NavigateToCampaignMenuTabs" name="navigateToListAA" time="0.854"/>
  <system-out/>
  <testcase classname="com.pinsystem.NavigateToCampaignMenuTabs" name="NavigationToListCampaignAllTabs" time="108.569"/>
  <system-out/>
</testsuite> <!-- com.pinsystem.NavigateToCampaignMenuTabs -->
