<?xml version="1.0" encoding="UTF-8"?>
<!-- Generated by org.testng.reporters.JUnitReportReporter -->
<testsuite hostname="PU-NB-RSHA2" failures="0" tests="1" name="com.pinsystem.TestSample" time="0.045" errors="0" timestamp="2024-02-27T11:09:53 IST" skipped="0">
  <testcase classname="com.pinsystem.TestSample" name="logRunner" time="0.045"/>
  <system-out/>
</testsuite> <!-- com.pinsystem.TestSample -->
