<?xml version="1.0" encoding="UTF-8"?>
<!-- Generated by org.testng.reporters.JUnitReportReporter -->
<testsuite hostname="PU-NB-RSHA2" failures="0" tests="1" name="com.pinsystem.SearchRecords" time="54.901" errors="0" timestamp="2024-11-04T16:34:10 IST" skipped="0">
  <testcase classname="com.pinsystem.SearchRecords" name="searchSchedule" time="54.901"/>
</testsuite> <!-- com.pinsystem.SearchRecords -->
