<?xml version="1.0" encoding="UTF-8"?>
<!-- Generated by org.testng.reporters.JUnitReportReporter -->
<testsuite hostname="PU-NB-RSHA2" failures="0" tests="3" name="com.pinsystem.Digital_Campaign_schedule" time="362.217" errors="0" timestamp="2024-11-07T18:01:53 IST" skipped="0">
  <testcase classname="com.pinsystem.Digital_Campaign_schedule" name="digital_campaign" time="106.219"/>
  <testcase classname="com.pinsystem.Digital_Campaign_schedule" name="new_Schedule" time="255.754"/>
  <testcase classname="com.pinsystem.Digital_Campaign_schedule" name="view_line_by_line" time="0.244"/>
</testsuite> <!-- com.pinsystem.Digital_Campaign_schedule -->
