<?xml version="1.0" encoding="UTF-8"?>
<!-- Generated by org.testng.reporters.JUnitReportReporter -->
<testsuite hostname="PU-NB-RSHA2" failures="0" tests="1" name="com.pin.automation.SearchRecords" time="226.108" errors="0" timestamp="2025-07-01T10:53:08 IST" skipped="0">
  <testcase classname="com.pin.automation.SearchRecords" name="searchSchedule" time="226.108"/>
</testsuite> <!-- com.pin.automation.SearchRecords -->
